AutoECO Report
FILE-A: D:\DOCUMENTS\CIRCUIT LAYOUTS, SCHEMATICS AND MISC TECHNICAL\SWTICH NETWORK\NEW DESIGN MARCH 2015\SWITCH NETWORK-2.MAX
FILE-B: D:\DOCUMENTS\CIRCUIT LAYOUTS, SCHEMATICS AND MISC TECHNICAL\SWTICH NETWORK\NEW DESIGN MARCH 2015\SWITCH NETWORK.MNL
If "*EOF*" immediately follows, no changes were made
Adding component N5
Adding component P1
Adding component P3
Adding component N1
Adding component P4
Adding component P2
Adding component N4
Adding component N3
Adding component P5
Adding component N2
Deleting U7A.14 from net O13
Deleting U5A.14 from net O13
Adding P2.14 to net O13
Adding N2.14 to net O13
Deleting U5A.3 from net N00947
Deleting U3A.22 from net N00947
Adding N1.22 to net N00947
Adding N2.3 to net N00947
Deleting U1A1.11 from net O36
Deleting U8A1.11 from net O36
Adding N5.11 to net O36
Adding P5.11 to net O36
Deleting U1A.13 from net IN+
Deleting U1A.15 from net IN+
Deleting U1A1.15 from net IN+
Deleting U4A.15 from net IN+
Deleting U7A.15 from net IN+
Deleting U2A.15 from net IN+
Deleting U1A.17 from net IN+
Deleting U2A.17 from net IN+
Deleting U1A1.17 from net IN+
Deleting U4A.17 from net IN+
Deleting U4A.19 from net IN+
Deleting U7A.17 from net IN+
Deleting U7A.19 from net IN+
Deleting U1A.12 from net IN+
Deleting U2A.12 from net IN+
Deleting U7A.13 from net IN+
Deleting U1A1.12 from net IN+
Deleting U2A.10 from net IN+
Deleting U4A.12 from net IN+
Deleting U7A.12 from net IN+
Deleting U1A1.10 from net IN+
Deleting U1A.10 from net IN+
Deleting U4A.10 from net IN+
Deleting U7A.10 from net IN+
Deleting U1A1.8 from net IN+
Deleting U1A1.6 from net IN+
Deleting U1A.8 from net IN+
Deleting U1A.6 from net IN+
Deleting U2A.8 from net IN+
Deleting U2A.6 from net IN+
Deleting U4A.8 from net IN+
Deleting U4A.6 from net IN+
Deleting U7A.8 from net IN+
Deleting U7A.6 from net IN+
Deleting U1A.19 from net IN+
Deleting U1A1.13 from net IN+
Deleting U1A1.19 from net IN+
Deleting U2A.13 from net IN+
Deleting U2A.19 from net IN+
Deleting U4A.13 from net IN+
Adding P2.8 to net IN+
Adding P2.6 to net IN+
Adding P2.12 to net IN+
Adding P2.10 to net IN+
Adding P2.13 to net IN+
Adding P2.15 to net IN+
Adding P2.17 to net IN+
Adding P2.19 to net IN+
Adding P5.8 to net IN+
Adding P5.6 to net IN+
Adding P5.10 to net IN+
Adding P5.12 to net IN+
Adding P5.13 to net IN+
Adding P5.15 to net IN+
Adding P5.17 to net IN+
Adding P5.19 to net IN+
Adding P3.8 to net IN+
Adding P3.6 to net IN+
Adding P3.10 to net IN+
Adding P3.12 to net IN+
Adding P3.13 to net IN+
Adding P3.15 to net IN+
Adding P3.17 to net IN+
Adding P3.19 to net IN+
Adding P1.8 to net IN+
Adding P1.6 to net IN+
Adding P1.12 to net IN+
Adding P1.10 to net IN+
Adding P1.13 to net IN+
Adding P1.15 to net IN+
Adding P1.17 to net IN+
Adding P1.19 to net IN+
Adding P4.8 to net IN+
Adding P4.6 to net IN+
Adding P4.10 to net IN+
Adding P4.12 to net IN+
Adding P4.15 to net IN+
Adding P4.13 to net IN+
Adding P4.17 to net IN+
Adding P4.19 to net IN+
Deleting U3A.14 from net O5
Deleting U4A.14 from net O5
Adding N1.14 to net O5
Adding P1.14 to net O5
Deleting U8A.11 from net O28
Deleting U1A.11 from net O28
Adding P4.11 to net O28
Adding N4.11 to net O28
Deleting U3A.9 from net O3
Deleting U4A.9 from net O3
Adding P1.9 to net O3
Adding N1.9 to net O3
Deleting U7A.11 from net O12
Deleting U5A.11 from net O12
Adding N2.11 to net O12
Adding P2.11 to net O12
Deleting U1A.2 from net VDD
Deleting U7A.2 from net VDD
Deleting U6A.2 from net VDD
Deleting U1A1.2 from net VDD
Deleting U3A.2 from net VDD
Deleting U5A.2 from net VDD
Deleting U4A.2 from net VDD
Deleting U8A.2 from net VDD
Deleting U8A1.2 from net VDD
Deleting U2A.2 from net VDD
Adding N2.2 to net VDD
Adding N1.2 to net VDD
Adding P3.2 to net VDD
Adding P4.2 to net VDD
Adding N4.2 to net VDD
Adding P2.2 to net VDD
Adding P1.2 to net VDD
Adding N5.2 to net VDD
Adding N3.2 to net VDD
Adding P5.2 to net VDD
Deleting U7A.7 from net O10
Deleting U5A.7 from net O10
Adding P2.7 to net O10
Adding N2.7 to net O10
Deleting U8A.4 from net GND
Deleting U2A.4 from net GND
Deleting U4A.4 from net GND
Deleting U3A.4 from net GND
Deleting U8A1.4 from net GND
Deleting U7A.4 from net GND
Deleting U5A.4 from net GND
Deleting U1A1.4 from net GND
Deleting U6A.4 from net GND
Deleting U4A.21 from net GND
Deleting U1A1.21 from net GND
Deleting U1A.21 from net GND
Deleting U6A.21 from net GND
Deleting U5A.21 from net GND
Deleting U1A.4 from net GND
Deleting U3A.21 from net GND
Deleting U2A.21 from net GND
Deleting U8A1.21 from net GND
Deleting U7A.21 from net GND
Deleting U8A.21 from net GND
Adding P1.4 to net GND
Adding P3.4 to net GND
Adding P5.4 to net GND
Adding N4.4 to net GND
Adding N2.4 to net GND
Adding P3.21 to net GND
Adding P4.21 to net GND
Adding P4.4 to net GND
Adding N3.21 to net GND
Adding N1.4 to net GND
Adding N5.21 to net GND
Adding N4.21 to net GND
Adding N3.4 to net GND
Adding N2.21 to net GND
Adding P2.21 to net GND
Adding P1.21 to net GND
Adding N1.21 to net GND
Adding N5.4 to net GND
Adding P5.21 to net GND
Adding P2.4 to net GND
Deleting U1A.9 from net O27
Deleting U8A.9 from net O27
Adding P4.9 to net O27
Adding N4.9 to net O27
Deleting U1A.14 from net O29
Deleting U8A.14 from net O29
Adding N4.14 to net O29
Adding P4.14 to net O29
Deleting U1A1.23 from net RESET*
Deleting U5A.23 from net RESET*
Deleting U8A.23 from net RESET*
Deleting U8A1.23 from net RESET*
Deleting U4A.23 from net RESET*
Deleting U1A.23 from net RESET*
Deleting U7A.23 from net RESET*
Deleting U6A.23 from net RESET*
Deleting U3A.23 from net RESET*
Deleting U2A.23 from net RESET*
Adding P4.23 to net RESET*
Adding P1.23 to net RESET*
Adding P5.23 to net RESET*
Adding N4.23 to net RESET*
Adding N3.23 to net RESET*
Adding P3.23 to net RESET*
Adding N1.23 to net RESET*
Adding N2.23 to net RESET*
Adding P2.23 to net RESET*
Adding N5.23 to net RESET*
Deleting U2A.7 from net O18
Deleting U6A.7 from net O18
Adding N3.7 to net O18
Adding P3.7 to net O18
Deleting U4A.5 from net O1
Deleting U3A.5 from net O1
Adding P1.5 to net O1
Adding N1.5 to net O1
Deleting U8A1.24 from net SYNC*
Deleting U5A.24 from net SYNC*
Deleting U6A.24 from net SYNC*
Deleting U4A.24 from net SYNC*
Deleting U3A.24 from net SYNC*
Deleting U2A.24 from net SYNC*
Deleting U1A1.24 from net SYNC*
Deleting U7A.24 from net SYNC*
Deleting U8A.24 from net SYNC*
Deleting U1A.24 from net SYNC*
Adding P5.24 to net SYNC*
Adding P1.24 to net SYNC*
Adding N4.24 to net SYNC*
Adding N3.24 to net SYNC*
Adding N1.24 to net SYNC*
Adding N2.24 to net SYNC*
Adding N5.24 to net SYNC*
Adding P2.24 to net SYNC*
Adding P4.24 to net SYNC*
Adding P3.24 to net SYNC*
Deleting U8A.18 from net O31
Deleting U1A.18 from net O31
Adding P4.18 to net O31
Adding N4.18 to net O31
Deleting U3A.3 from net DIN-
Adding N1.3 to net DIN-
Deleting U7A.22 from net N00927
Deleting U2A.3 from net N00927
Adding P2.22 to net N00927
Adding P3.3 to net N00927
Deleting U2A.5 from net O17
Deleting U6A.5 from net O17
Adding N3.5 to net O17
Adding P3.5 to net O17
Deleting U2A.14 from net O21
Deleting U6A.14 from net O21
Adding P3.14 to net O21
Adding N3.14 to net O21
Deleting U8A.5 from net O25
Deleting U1A.5 from net O25
Adding N4.5 to net O25
Adding P4.5 to net O25
Deleting U8A.3 from net N00967
Deleting U6A.22 from net N00967
Adding N4.3 to net N00967
Adding N3.22 to net N00967
Deleting U8A.16 from net O30
Deleting U1A.16 from net O30
Adding P4.16 to net O30
Adding N4.16 to net O30
Deleting U7A.20 from net O16
Deleting U5A.20 from net O16
Adding N2.20 to net O16
Adding P2.20 to net O16
Deleting U8A1.13 from net IN-
Deleting U3A.13 from net IN-
Deleting U8A.19 from net IN-
Deleting U8A1.19 from net IN-
Deleting U8A.17 from net IN-
Deleting U3A.15 from net IN-
Deleting U8A1.15 from net IN-
Deleting U8A1.17 from net IN-
Deleting U5A.13 from net IN-
Deleting U5A.15 from net IN-
Deleting U6A.13 from net IN-
Deleting U6A.15 from net IN-
Deleting U8A.15 from net IN-
Deleting U5A.6 from net IN-
Deleting U8A.6 from net IN-
Deleting U3A.6 from net IN-
Deleting U8A1.6 from net IN-
Deleting U6A.6 from net IN-
Deleting U5A.8 from net IN-
Deleting U8A.8 from net IN-
Deleting U3A.8 from net IN-
Deleting U6A.8 from net IN-
Deleting U5A.12 from net IN-
Deleting U5A.10 from net IN-
Deleting U8A.10 from net IN-
Deleting U8A1.8 from net IN-
Deleting U6A.12 from net IN-
Deleting U6A.10 from net IN-
Deleting U8A.13 from net IN-
Deleting U8A.12 from net IN-
Deleting U3A.10 from net IN-
Deleting U3A.12 from net IN-
Deleting U8A1.10 from net IN-
Deleting U8A1.12 from net IN-
Deleting U3A.17 from net IN-
Deleting U3A.19 from net IN-
Deleting U6A.17 from net IN-
Deleting U6A.19 from net IN-
Deleting U5A.17 from net IN-
Deleting U5A.19 from net IN-
Adding N1.8 to net IN-
Adding N1.6 to net IN-
Adding N1.10 to net IN-
Adding N1.12 to net IN-
Adding N1.13 to net IN-
Adding N1.15 to net IN-
Adding N1.17 to net IN-
Adding N1.19 to net IN-
Adding N4.8 to net IN-
Adding N4.6 to net IN-
Adding N4.10 to net IN-
Adding N4.12 to net IN-
Adding N4.13 to net IN-
Adding N4.15 to net IN-
Adding N4.17 to net IN-
Adding N4.19 to net IN-
Adding N3.8 to net IN-
Adding N3.6 to net IN-
Adding N3.10 to net IN-
Adding N3.12 to net IN-
Adding N3.13 to net IN-
Adding N3.15 to net IN-
Adding N3.19 to net IN-
Adding N3.17 to net IN-
Adding N5.8 to net IN-
Adding N5.6 to net IN-
Adding N5.10 to net IN-
Adding N5.12 to net IN-
Adding N5.13 to net IN-
Adding N5.15 to net IN-
Adding N5.17 to net IN-
Adding N5.19 to net IN-
Adding N2.8 to net IN-
Adding N2.6 to net IN-
Adding N2.10 to net IN-
Adding N2.12 to net IN-
Adding N2.13 to net IN-
Adding N2.15 to net IN-
Adding N2.19 to net IN-
Adding N2.17 to net IN-
Deleting U8A1.14 from net O37
Deleting U1A1.14 from net O37
Adding P5.14 to net O37
Adding N5.14 to net O37
Deleting U1A1.9 from net O35
Deleting U8A1.9 from net O35
Adding N5.9 to net O35
Adding P5.9 to net O35
Deleting U7A.9 from net O11
Deleting U5A.9 from net O11
Adding P2.9 to net O11
Adding N2.9 to net O11
Deleting U6A.20 from net O24
Deleting U2A.20 from net O24
Adding N3.20 to net O24
Adding P3.20 to net O24
Deleting U3A.16 from net O6
Deleting U4A.16 from net O6
Adding N1.16 to net O6
Adding P1.16 to net O6
Deleting U8A1.7 from net O34
Deleting U1A1.7 from net O34
Adding N5.7 to net O34
Adding P5.7 to net O34
Deleting U8A1.5 from net O33
Deleting U1A1.5 from net O33
Adding N5.5 to net O33
Adding P5.5 to net O33
Deleting U7A.18 from net O15
Deleting U5A.18 from net O15
Adding N2.18 to net O15
Adding P2.18 to net O15
Deleting U6A.18 from net O23
Deleting U2A.18 from net O23
Adding N3.18 to net O23
Adding P3.18 to net O23
Deleting U8A1.1 from net SCLK
Deleting U2A.1 from net SCLK
Deleting U4A.1 from net SCLK
Deleting U3A.1 from net SCLK
Deleting U8A.1 from net SCLK
Deleting U7A.1 from net SCLK
Deleting U6A.1 from net SCLK
Deleting U5A.1 from net SCLK
Deleting U1A1.1 from net SCLK
Deleting U1A.1 from net SCLK
Adding P5.1 to net SCLK
Adding N4.1 to net SCLK
Adding N3.1 to net SCLK
Adding P3.1 to net SCLK
Adding N1.1 to net SCLK
Adding N2.1 to net SCLK
Adding P2.1 to net SCLK
Adding P4.1 to net SCLK
Adding N5.1 to net SCLK
Adding P1.1 to net SCLK
Deleting U1A.20 from net O32
Deleting U8A.20 from net O32
Adding N4.20 to net O32
Adding P4.20 to net O32
Deleting U1A.3 from net N00937
Deleting U2A.22 from net N00937
Adding P4.3 to net N00937
Adding P3.22 to net N00937
Deleting U2A.11 from net O20
Deleting U6A.11 from net O20
Adding N3.11 to net O20
Adding P3.11 to net O20
Deleting U6A.16 from net O22
Deleting U2A.16 from net O22
Adding N3.16 to net O22
Adding P3.16 to net O22
Deleting U4A.3 from net DIN+
Adding P1.3 to net DIN+
Deleting U7A.5 from net O9
Deleting U5A.5 from net O9
Adding N2.5 to net O9
Adding P2.5 to net O9
Deleting U4A.22 from net N00917
Deleting U7A.3 from net N00917
Adding P2.3 to net N00917
Adding P1.22 to net N00917
Deleting U3A.7 from net O2
Deleting U4A.7 from net O2
Adding P1.7 to net O2
Adding N1.7 to net O2
Deleting U4A.20 from net O8
Deleting U3A.20 from net O8
Adding N1.20 to net O8
Adding P1.20 to net O8
Deleting U8A.7 from net O26
Deleting U1A.7 from net O26
Adding N4.7 to net O26
Adding P4.7 to net O26
Deleting U4A.18 from net O7
Deleting U3A.18 from net O7
Adding P1.18 to net O7
Adding N1.18 to net O7
Deleting U2A.9 from net O19
Deleting U6A.9 from net O19
Adding P3.9 to net O19
Adding N3.9 to net O19
Deleting U7A.16 from net O14
Deleting U5A.16 from net O14
Adding P2.16 to net O14
Adding N2.16 to net O14
Deleting U5A.22 from net N00957
Deleting U6A.3 from net N00957
Adding N2.22 to net N00957
Adding N3.3 to net N00957
Deleting U4A.11 from net O4
Deleting U3A.11 from net O4
Adding P1.11 to net O4
Adding N1.11 to net O4
Deleting U1A.22 from net N06058
Deleting U1A1.3 from net N06058
Adding P5.3 to net N06058
Adding P4.22 to net N06058
Deleting U8A.22 from net N09690
Deleting U8A1.3 from net N09690
Adding N5.3 to net N09690
Adding N4.22 to net N09690
Deleting U1A1.22 from net DOUT+
Adding P5.22 to net DOUT+
Deleting U8A1.22 from net DOUT-
Adding N5.22 to net DOUT-
Adding P5.18 to net N06110
Adding P5.20 to net N06116
Adding P5.16 to net N06104
Adding N5.18 to net N09742
Adding N5.16 to net N09736
Adding N5.20 to net N09748
Deleting component U8A1
Deleting component U8A
Deleting component U7A
Deleting component U6A
Deleting component U5A
Deleting component U4A
Deleting component U3A
Deleting component U2A
Deleting component U1A1
Deleting component U1A
*EOF*
No errors found
