Fri Mar 20 10:38:02 UserDiv from Layout.INI for AutoECO: 60
Fri Mar 20 10:38:02 Loaded file C:\ORCAD\ORCAD_10.5\TOOLS\LAYOUT\DATA\DEFAULT.TCH
Fri Mar 20 10:38:02 Loaded file C:\ORCAD\ORCAD_10.5\TOOLS\LAYOUT\library\BCON100T.llb
Fri Mar 20 10:38:02 Loaded file C:\ORCAD\ORCAD_10.5\TOOLS\LAYOUT\library\BCON156T.llb
Fri Mar 20 10:38:02 Loaded file C:\ORCAD\ORCAD_10.5\TOOLS\LAYOUT\library\BGA.llb
Fri Mar 20 10:38:02 Loaded file C:\ORCAD\ORCAD_10.5\TOOLS\LAYOUT\library\CLCC.llb
Fri Mar 20 10:38:02 Loaded file C:\ORCAD\ORCAD_10.5\TOOLS\LAYOUT\library\DCON050T.llb
Fri Mar 20 10:38:02 Loaded file C:\ORCAD\ORCAD_10.5\TOOLS\LAYOUT\library\DCON085T.llb
Fri Mar 20 10:38:02 Loaded file C:\ORCAD\ORCAD_10.5\TOOLS\LAYOUT\library\DIMM050F.llb
Fri Mar 20 10:38:02 Loaded file C:\ORCAD\ORCAD_10.5\TOOLS\LAYOUT\library\DIMM050T.llb
Fri Mar 20 10:38:02 Loaded file C:\ORCAD\ORCAD_10.5\TOOLS\LAYOUT\library\DIN.llb
Fri Mar 20 10:38:02 Loaded file C:\ORCAD\ORCAD_10.5\TOOLS\LAYOUT\library\DIP100B.llb
Fri Mar 20 10:38:02 Loaded file C:\ORCAD\ORCAD_10.5\TOOLS\LAYOUT\library\DIP100T.llb
Fri Mar 20 10:38:02 Loaded file C:\ORCAD\ORCAD_10.5\TOOLS\LAYOUT\library\DSUBT.llb
Fri Mar 20 10:38:02 Loaded file C:\ORCAD\ORCAD_10.5\TOOLS\LAYOUT\library\DSUBT_HD.LLB
Fri Mar 20 10:38:02 Loaded file C:\ORCAD\ORCAD_10.5\TOOLS\LAYOUT\library\ECON100T.llb
Fri Mar 20 10:38:02 Loaded file C:\ORCAD\ORCAD_10.5\TOOLS\LAYOUT\library\FBUS.llb
Fri Mar 20 10:38:02 Loaded file C:\ORCAD\ORCAD_10.5\TOOLS\LAYOUT\library\ISA.llb
Fri Mar 20 10:38:02 Loaded file C:\ORCAD\ORCAD_10.5\TOOLS\LAYOUT\library\JUMPER.LLB
Fri Mar 20 10:38:02 Loaded file C:\ORCAD\ORCAD_10.5\TOOLS\LAYOUT\library\LAYOUT.llb
Fri Mar 20 10:38:02 Loaded file C:\ORCAD\ORCAD_10.5\TOOLS\LAYOUT\library\LCON100T.llb
Fri Mar 20 10:38:02 Loaded file C:\ORCAD\ORCAD_10.5\TOOLS\LAYOUT\library\PC104.llb
Fri Mar 20 10:38:02 Loaded file C:\ORCAD\ORCAD_10.5\TOOLS\LAYOUT\library\PCI.llb
Fri Mar 20 10:38:02 Loaded file C:\ORCAD\ORCAD_10.5\TOOLS\LAYOUT\library\PCON100T.llb
Fri Mar 20 10:38:02 Loaded file C:\ORCAD\ORCAD_10.5\TOOLS\LAYOUT\library\PCON156T.llb
Fri Mar 20 10:38:02 Loaded file C:\ORCAD\ORCAD_10.5\TOOLS\LAYOUT\library\PGA.llb
Fri Mar 20 10:38:02 Loaded file C:\ORCAD\ORCAD_10.5\TOOLS\LAYOUT\library\PLCC.llb
Fri Mar 20 10:38:02 Loaded file C:\ORCAD\ORCAD_10.5\TOOLS\LAYOUT\library\QUAD.llb
Fri Mar 20 10:38:02 Loaded file C:\ORCAD\ORCAD_10.5\TOOLS\LAYOUT\library\QUADB.llb
Fri Mar 20 10:38:02 Loaded file C:\ORCAD\ORCAD_10.5\TOOLS\LAYOUT\library\RELAY.llb
Fri Mar 20 10:38:02 Loaded file C:\ORCAD\ORCAD_10.5\TOOLS\LAYOUT\library\RF.llb
Fri Mar 20 10:38:02 Loaded file C:\ORCAD\ORCAD_10.5\TOOLS\LAYOUT\library\SBUS.llb
Fri Mar 20 10:38:02 Loaded file C:\ORCAD\ORCAD_10.5\TOOLS\LAYOUT\library\SIMM050F.llb
Fri Mar 20 10:38:02 Loaded file C:\ORCAD\ORCAD_10.5\TOOLS\LAYOUT\library\SIMM050T.llb
Fri Mar 20 10:38:02 Loaded file C:\ORCAD\ORCAD_10.5\TOOLS\LAYOUT\library\SIMM100F.llb
Fri Mar 20 10:38:02 Loaded file C:\ORCAD\ORCAD_10.5\TOOLS\LAYOUT\library\SIMM100T.llb
Fri Mar 20 10:38:02 Loaded file C:\ORCAD\ORCAD_10.5\TOOLS\LAYOUT\library\SIP.llb
Fri Mar 20 10:38:02 Loaded file C:\ORCAD\ORCAD_10.5\TOOLS\LAYOUT\library\SM.llb
Fri Mar 20 10:38:02 Loaded file C:\ORCAD\ORCAD_10.5\TOOLS\LAYOUT\library\SOG.llb
Fri Mar 20 10:38:02 Loaded file C:\ORCAD\ORCAD_10.5\TOOLS\LAYOUT\library\SOJ.llb
Fri Mar 20 10:38:02 Loaded file C:\ORCAD\ORCAD_10.5\TOOLS\LAYOUT\library\STIFF.llb
Fri Mar 20 10:38:02 Loaded file C:\ORCAD\ORCAD_10.5\TOOLS\LAYOUT\library\TELE.llb
Fri Mar 20 10:38:02 Loaded file C:\ORCAD\ORCAD_10.5\TOOLS\LAYOUT\library\TM_AXIAL.llb
Fri Mar 20 10:38:02 Loaded file C:\ORCAD\ORCAD_10.5\TOOLS\LAYOUT\library\TM_CAP_P.llb
Fri Mar 20 10:38:02 Loaded file C:\ORCAD\ORCAD_10.5\TOOLS\LAYOUT\library\TM_CYLND.llb
Fri Mar 20 10:38:02 Loaded file C:\ORCAD\ORCAD_10.5\TOOLS\LAYOUT\library\TM_DIODE.llb
Fri Mar 20 10:38:02 Loaded file C:\ORCAD\ORCAD_10.5\TOOLS\LAYOUT\library\TM_DISC.llb
Fri Mar 20 10:38:02 Loaded file C:\ORCAD\ORCAD_10.5\TOOLS\LAYOUT\library\TM_RAD.llb
Fri Mar 20 10:38:02 Loaded file C:\ORCAD\ORCAD_10.5\TOOLS\LAYOUT\library\TO.llb
Fri Mar 20 10:38:02 Loaded file C:\ORCAD\ORCAD_10.5\TOOLS\LAYOUT\library\TRAINING.LLB
Fri Mar 20 10:38:02 Loaded file C:\ORCAD\ORCAD_10.5\TOOLS\LAYOUT\library\VRES.llb
Fri Mar 20 10:38:02 Loaded file C:\ORCAD\ORCAD_10.5\TOOLS\LAYOUT\library\WCON100T.llb
Fri Mar 20 10:38:02 Loaded file C:\ORCAD\ORCAD_10.5\TOOLS\LAYOUT\library\XT.llb
Fri Mar 20 10:38:02 Loaded file C:\ORCAD\ORCAD_10.5\TOOLS\LAYOUT\library\ZIGZAG.llb
Fri Mar 20 10:38:02 Loaded file C:\ORCAD\ORCAD_10.5\TOOLS\LAYOUT\library\TM_AXIAL.llb
Fri Mar 20 10:38:02 Loaded file C:\ORCAD\ORCAD_10.5\TOOLS\LAYOUT\library\BCON100T.llb
Fri Mar 20 10:38:02 Loaded file C:\ORCAD\ORCAD_10.5\TOOLS\LAYOUT\library\DIP100B.llb
Fri Mar 20 10:38:02 Loaded file C:\ORCAD\ORCAD_10.5\TOOLS\LAYOUT\library\DSUBT.llb
Fri Mar 20 10:38:02 Loaded file C:\ORCAD\ORCAD_10.5\TOOLS\LAYOUT\library\BCON100T.llb
Fri Mar 20 10:38:03 Saved as file D:\DOCUMENTS\CIRCUIT LAYOUTS, SCHEMATICS AND MISC TECHNICAL\SWTICH NETWORK\NEW DESIGN MARCH 2015\2ND\SWITCH NETWORK-1.MAX
Fri Mar 20 10:38:04 Saved as file Backup0.max
Fri Mar 20 10:38:04 Windows which were open at time of error:
Fri Mar 20 10:38:04 	ActiveWindow: &Components
Fri Mar 20 10:38:04 	Icon: &Nets
Fri Mar 20 10:38:04 	Icon: Post Proces&s
Fri Mar 20 10:38:04 	Icon: &Route
Fri Mar 20 10:38:04 End-of-list
Fri Mar 20 10:38:05 Loaded file BACKUP0.MAX
Fri Mar 20 10:38:22 Loaded file C:\ORCAD\ORCAD_10.5\TOOLS\LAYOUT\data\template.imp
Fri Mar 20 10:38:22 Loaded file C:\ORCAD\ORCAD_10.5\TOOLS\LAYOUT\data\template.imp
Fri Mar 20 10:38:22 Loaded file C:\ORCAD\ORCAD_10.5\TOOLS\LAYOUT\data\template.imp
Fri Mar 20 10:38:22 Loaded file C:\ORCAD\ORCAD_10.5\TOOLS\LAYOUT\data\template.imp
Fri Mar 20 10:38:37 Loaded file C:\ORCAD\ORCAD_10.5\TOOLS\LAYOUT\library\BCON100T.llb
Fri Mar 20 10:38:37 Loaded file C:\ORCAD\ORCAD_10.5\TOOLS\LAYOUT\library\BCON156T.llb
Fri Mar 20 10:38:37 Loaded file C:\ORCAD\ORCAD_10.5\TOOLS\LAYOUT\library\BGA.llb
Fri Mar 20 10:38:37 Loaded file C:\ORCAD\ORCAD_10.5\TOOLS\LAYOUT\library\CLCC.llb
Fri Mar 20 10:38:37 Loaded file C:\ORCAD\ORCAD_10.5\TOOLS\LAYOUT\library\DCON050T.llb
Fri Mar 20 10:38:37 Loaded file C:\ORCAD\ORCAD_10.5\TOOLS\LAYOUT\library\DCON085T.llb
Fri Mar 20 10:38:37 Loaded file C:\ORCAD\ORCAD_10.5\TOOLS\LAYOUT\library\DIMM050F.llb
Fri Mar 20 10:38:37 Loaded file C:\ORCAD\ORCAD_10.5\TOOLS\LAYOUT\library\DIMM050T.llb
Fri Mar 20 10:38:37 Loaded file C:\ORCAD\ORCAD_10.5\TOOLS\LAYOUT\library\DIN.llb
Fri Mar 20 10:38:37 Loaded file C:\ORCAD\ORCAD_10.5\TOOLS\LAYOUT\library\DIP100B.llb
Fri Mar 20 10:38:37 Loaded file C:\ORCAD\ORCAD_10.5\TOOLS\LAYOUT\library\DIP100T.llb
Fri Mar 20 10:38:37 Loaded file C:\ORCAD\ORCAD_10.5\TOOLS\LAYOUT\library\DSUBT.llb
Fri Mar 20 10:38:37 Loaded file C:\ORCAD\ORCAD_10.5\TOOLS\LAYOUT\library\DSUBT_HD.LLB
Fri Mar 20 10:38:37 Loaded file C:\ORCAD\ORCAD_10.5\TOOLS\LAYOUT\library\ECON100T.llb
Fri Mar 20 10:38:37 Loaded file C:\ORCAD\ORCAD_10.5\TOOLS\LAYOUT\library\FBUS.llb
Fri Mar 20 10:38:37 Loaded file C:\ORCAD\ORCAD_10.5\TOOLS\LAYOUT\library\ISA.llb
Fri Mar 20 10:38:37 Loaded file C:\ORCAD\ORCAD_10.5\TOOLS\LAYOUT\library\JUMPER.LLB
Fri Mar 20 10:38:37 Loaded file C:\ORCAD\ORCAD_10.5\TOOLS\LAYOUT\library\LAYOUT.llb
Fri Mar 20 10:38:37 Loaded file C:\ORCAD\ORCAD_10.5\TOOLS\LAYOUT\library\LCON100T.llb
Fri Mar 20 10:38:37 Loaded file C:\ORCAD\ORCAD_10.5\TOOLS\LAYOUT\library\PC104.llb
Fri Mar 20 10:38:37 Loaded file C:\ORCAD\ORCAD_10.5\TOOLS\LAYOUT\library\PCI.llb
Fri Mar 20 10:38:37 Loaded file C:\ORCAD\ORCAD_10.5\TOOLS\LAYOUT\library\PCON100T.llb
Fri Mar 20 10:38:37 Loaded file C:\ORCAD\ORCAD_10.5\TOOLS\LAYOUT\library\PCON156T.llb
Fri Mar 20 10:38:37 Loaded file C:\ORCAD\ORCAD_10.5\TOOLS\LAYOUT\library\PGA.llb
Fri Mar 20 10:38:37 Loaded file C:\ORCAD\ORCAD_10.5\TOOLS\LAYOUT\library\PLCC.llb
Fri Mar 20 10:38:37 Loaded file C:\ORCAD\ORCAD_10.5\TOOLS\LAYOUT\library\QUAD.llb
Fri Mar 20 10:38:37 Loaded file C:\ORCAD\ORCAD_10.5\TOOLS\LAYOUT\library\QUADB.llb
Fri Mar 20 10:38:37 Loaded file C:\ORCAD\ORCAD_10.5\TOOLS\LAYOUT\library\RELAY.llb
Fri Mar 20 10:38:37 Loaded file C:\ORCAD\ORCAD_10.5\TOOLS\LAYOUT\library\RF.llb
Fri Mar 20 10:38:38 Loaded file C:\ORCAD\ORCAD_10.5\TOOLS\LAYOUT\library\SBUS.llb
Fri Mar 20 10:38:38 Loaded file C:\ORCAD\ORCAD_10.5\TOOLS\LAYOUT\library\SIMM050F.llb
Fri Mar 20 10:38:38 Loaded file C:\ORCAD\ORCAD_10.5\TOOLS\LAYOUT\library\SIMM050T.llb
Fri Mar 20 10:38:38 Loaded file C:\ORCAD\ORCAD_10.5\TOOLS\LAYOUT\library\SIMM100F.llb
Fri Mar 20 10:38:38 Loaded file C:\ORCAD\ORCAD_10.5\TOOLS\LAYOUT\library\SIMM100T.llb
Fri Mar 20 10:38:38 Loaded file C:\ORCAD\ORCAD_10.5\TOOLS\LAYOUT\library\SIP.llb
Fri Mar 20 10:38:38 Loaded file C:\ORCAD\ORCAD_10.5\TOOLS\LAYOUT\library\SM.llb
Fri Mar 20 10:38:38 Loaded file C:\ORCAD\ORCAD_10.5\TOOLS\LAYOUT\library\SOG.llb
Fri Mar 20 10:38:38 Loaded file C:\ORCAD\ORCAD_10.5\TOOLS\LAYOUT\library\SOJ.llb
Fri Mar 20 10:38:38 Loaded file C:\ORCAD\ORCAD_10.5\TOOLS\LAYOUT\library\STIFF.llb
Fri Mar 20 10:38:38 Loaded file C:\ORCAD\ORCAD_10.5\TOOLS\LAYOUT\library\TELE.llb
Fri Mar 20 10:38:38 Loaded file C:\ORCAD\ORCAD_10.5\TOOLS\LAYOUT\library\TM_AXIAL.llb
Fri Mar 20 10:38:38 Loaded file C:\ORCAD\ORCAD_10.5\TOOLS\LAYOUT\library\TM_CAP_P.llb
Fri Mar 20 10:38:38 Loaded file C:\ORCAD\ORCAD_10.5\TOOLS\LAYOUT\library\TM_CYLND.llb
Fri Mar 20 10:38:38 Loaded file C:\ORCAD\ORCAD_10.5\TOOLS\LAYOUT\library\TM_DIODE.llb
Fri Mar 20 10:38:38 Loaded file C:\ORCAD\ORCAD_10.5\TOOLS\LAYOUT\library\TM_DISC.llb
Fri Mar 20 10:38:38 Loaded file C:\ORCAD\ORCAD_10.5\TOOLS\LAYOUT\library\TM_RAD.llb
Fri Mar 20 10:38:38 Loaded file C:\ORCAD\ORCAD_10.5\TOOLS\LAYOUT\library\TO.llb
Fri Mar 20 10:38:38 Loaded file C:\ORCAD\ORCAD_10.5\TOOLS\LAYOUT\library\TRAINING.LLB
Fri Mar 20 10:38:38 Loaded file C:\ORCAD\ORCAD_10.5\TOOLS\LAYOUT\library\VRES.llb
Fri Mar 20 10:38:38 Loaded file C:\ORCAD\ORCAD_10.5\TOOLS\LAYOUT\library\WCON100T.llb
Fri Mar 20 10:38:38 Loaded file C:\ORCAD\ORCAD_10.5\TOOLS\LAYOUT\library\XT.llb
Fri Mar 20 10:38:38 Loaded file C:\ORCAD\ORCAD_10.5\TOOLS\LAYOUT\library\ZIGZAG.llb
Fri Mar 20 10:38:41 Loaded file C:\ORCAD\ORCAD_10.5\TOOLS\LAYOUT\library\BCON100T.llb
Fri Mar 20 10:38:41 Loaded file C:\ORCAD\ORCAD_10.5\TOOLS\LAYOUT\library\BCON156T.llb
Fri Mar 20 10:38:41 Loaded file C:\ORCAD\ORCAD_10.5\TOOLS\LAYOUT\library\BGA.llb
Fri Mar 20 10:38:41 Loaded file C:\ORCAD\ORCAD_10.5\TOOLS\LAYOUT\library\CLCC.llb
Fri Mar 20 10:38:41 Loaded file C:\ORCAD\ORCAD_10.5\TOOLS\LAYOUT\library\DCON050T.llb
Fri Mar 20 10:38:41 Loaded file C:\ORCAD\ORCAD_10.5\TOOLS\LAYOUT\library\DCON085T.llb
Fri Mar 20 10:38:41 Loaded file C:\ORCAD\ORCAD_10.5\TOOLS\LAYOUT\library\DIMM050F.llb
Fri Mar 20 10:38:41 Loaded file C:\ORCAD\ORCAD_10.5\TOOLS\LAYOUT\library\DIMM050T.llb
Fri Mar 20 10:38:41 Loaded file C:\ORCAD\ORCAD_10.5\TOOLS\LAYOUT\library\DIN.llb
Fri Mar 20 10:38:41 Loaded file C:\ORCAD\ORCAD_10.5\TOOLS\LAYOUT\library\DIP100B.llb
Fri Mar 20 10:38:41 Loaded file C:\ORCAD\ORCAD_10.5\TOOLS\LAYOUT\library\DIP100T.llb
Fri Mar 20 10:38:41 Loaded file C:\ORCAD\ORCAD_10.5\TOOLS\LAYOUT\library\DSUBT.llb
Fri Mar 20 10:38:41 Loaded file C:\ORCAD\ORCAD_10.5\TOOLS\LAYOUT\library\DSUBT_HD.LLB
Fri Mar 20 10:38:41 Loaded file C:\ORCAD\ORCAD_10.5\TOOLS\LAYOUT\library\ECON100T.llb
Fri Mar 20 10:38:41 Loaded file C:\ORCAD\ORCAD_10.5\TOOLS\LAYOUT\library\FBUS.llb
Fri Mar 20 10:38:41 Loaded file C:\ORCAD\ORCAD_10.5\TOOLS\LAYOUT\library\ISA.llb
Fri Mar 20 10:38:41 Loaded file C:\ORCAD\ORCAD_10.5\TOOLS\LAYOUT\library\JUMPER.LLB
Fri Mar 20 10:38:41 Loaded file C:\ORCAD\ORCAD_10.5\TOOLS\LAYOUT\library\LAYOUT.llb
Fri Mar 20 10:38:41 Loaded file C:\ORCAD\ORCAD_10.5\TOOLS\LAYOUT\library\LCON100T.llb
Fri Mar 20 10:38:41 Loaded file C:\ORCAD\ORCAD_10.5\TOOLS\LAYOUT\library\PC104.llb
Fri Mar 20 10:38:41 Loaded file C:\ORCAD\ORCAD_10.5\TOOLS\LAYOUT\library\PCI.llb
Fri Mar 20 10:38:41 Loaded file C:\ORCAD\ORCAD_10.5\TOOLS\LAYOUT\library\PCON100T.llb
Fri Mar 20 10:38:41 Loaded file C:\ORCAD\ORCAD_10.5\TOOLS\LAYOUT\library\PCON156T.llb
Fri Mar 20 10:38:41 Loaded file C:\ORCAD\ORCAD_10.5\TOOLS\LAYOUT\library\PGA.llb
Fri Mar 20 10:38:41 Loaded file C:\ORCAD\ORCAD_10.5\TOOLS\LAYOUT\library\PLCC.llb
Fri Mar 20 10:38:41 Loaded file C:\ORCAD\ORCAD_10.5\TOOLS\LAYOUT\library\QUAD.llb
Fri Mar 20 10:38:41 Loaded file C:\ORCAD\ORCAD_10.5\TOOLS\LAYOUT\library\QUADB.llb
Fri Mar 20 10:38:41 Loaded file C:\ORCAD\ORCAD_10.5\TOOLS\LAYOUT\library\RELAY.llb
Fri Mar 20 10:38:41 Loaded file C:\ORCAD\ORCAD_10.5\TOOLS\LAYOUT\library\RF.llb
Fri Mar 20 10:38:41 Loaded file C:\ORCAD\ORCAD_10.5\TOOLS\LAYOUT\library\SBUS.llb
Fri Mar 20 10:38:41 Loaded file C:\ORCAD\ORCAD_10.5\TOOLS\LAYOUT\library\SIMM050F.llb
Fri Mar 20 10:38:41 Loaded file C:\ORCAD\ORCAD_10.5\TOOLS\LAYOUT\library\SIMM050T.llb
Fri Mar 20 10:38:41 Loaded file C:\ORCAD\ORCAD_10.5\TOOLS\LAYOUT\library\SIMM100F.llb
Fri Mar 20 10:38:41 Loaded file C:\ORCAD\ORCAD_10.5\TOOLS\LAYOUT\library\SIMM100T.llb
Fri Mar 20 10:38:41 Loaded file C:\ORCAD\ORCAD_10.5\TOOLS\LAYOUT\library\SIP.llb
Fri Mar 20 10:38:41 Loaded file C:\ORCAD\ORCAD_10.5\TOOLS\LAYOUT\library\SM.llb
Fri Mar 20 10:38:41 Loaded file C:\ORCAD\ORCAD_10.5\TOOLS\LAYOUT\library\SOG.llb
Fri Mar 20 10:38:41 Loaded file C:\ORCAD\ORCAD_10.5\TOOLS\LAYOUT\library\SOJ.llb
Fri Mar 20 10:38:41 Loaded file C:\ORCAD\ORCAD_10.5\TOOLS\LAYOUT\library\STIFF.llb
Fri Mar 20 10:38:41 Loaded file C:\ORCAD\ORCAD_10.5\TOOLS\LAYOUT\library\TELE.llb
Fri Mar 20 10:38:41 Loaded file C:\ORCAD\ORCAD_10.5\TOOLS\LAYOUT\library\TM_AXIAL.llb
Fri Mar 20 10:38:41 Loaded file C:\ORCAD\ORCAD_10.5\TOOLS\LAYOUT\library\TM_CAP_P.llb
Fri Mar 20 10:38:41 Loaded file C:\ORCAD\ORCAD_10.5\TOOLS\LAYOUT\library\TM_CYLND.llb
Fri Mar 20 10:38:42 Loaded file C:\ORCAD\ORCAD_10.5\TOOLS\LAYOUT\library\TM_DIODE.llb
Fri Mar 20 10:38:42 Loaded file C:\ORCAD\ORCAD_10.5\TOOLS\LAYOUT\library\TM_DISC.llb
Fri Mar 20 10:38:42 Loaded file C:\ORCAD\ORCAD_10.5\TOOLS\LAYOUT\library\TM_RAD.llb
Fri Mar 20 10:38:42 Loaded file C:\ORCAD\ORCAD_10.5\TOOLS\LAYOUT\library\TO.llb
Fri Mar 20 10:38:42 Loaded file C:\ORCAD\ORCAD_10.5\TOOLS\LAYOUT\library\TRAINING.LLB
Fri Mar 20 10:38:42 Loaded file C:\ORCAD\ORCAD_10.5\TOOLS\LAYOUT\library\VRES.llb
Fri Mar 20 10:38:42 Loaded file C:\ORCAD\ORCAD_10.5\TOOLS\LAYOUT\library\WCON100T.llb
Fri Mar 20 10:38:42 Loaded file C:\ORCAD\ORCAD_10.5\TOOLS\LAYOUT\library\XT.llb
Fri Mar 20 10:38:42 Loaded file C:\ORCAD\ORCAD_10.5\TOOLS\LAYOUT\library\ZIGZAG.llb
Fri Mar 20 10:38:48 Loaded file C:\ORCAD\ORCAD_10.5\TOOLS\LAYOUT\library\BCON100T.llb
Fri Mar 20 10:38:48 Loaded file C:\ORCAD\ORCAD_10.5\TOOLS\LAYOUT\library\BCON156T.llb
Fri Mar 20 10:38:48 Loaded file C:\ORCAD\ORCAD_10.5\TOOLS\LAYOUT\library\BGA.llb
Fri Mar 20 10:38:48 Loaded file C:\ORCAD\ORCAD_10.5\TOOLS\LAYOUT\library\CLCC.llb
Fri Mar 20 10:38:48 Loaded file C:\ORCAD\ORCAD_10.5\TOOLS\LAYOUT\library\DCON050T.llb
Fri Mar 20 10:38:48 Loaded file C:\ORCAD\ORCAD_10.5\TOOLS\LAYOUT\library\DCON085T.llb
Fri Mar 20 10:38:48 Loaded file C:\ORCAD\ORCAD_10.5\TOOLS\LAYOUT\library\DIMM050F.llb
Fri Mar 20 10:38:48 Loaded file C:\ORCAD\ORCAD_10.5\TOOLS\LAYOUT\library\DIMM050T.llb
Fri Mar 20 10:38:48 Loaded file C:\ORCAD\ORCAD_10.5\TOOLS\LAYOUT\library\DIN.llb
Fri Mar 20 10:38:48 Loaded file C:\ORCAD\ORCAD_10.5\TOOLS\LAYOUT\library\DIP100B.llb
Fri Mar 20 10:38:48 Loaded file C:\ORCAD\ORCAD_10.5\TOOLS\LAYOUT\library\DIP100T.llb
Fri Mar 20 10:38:48 Loaded file C:\ORCAD\ORCAD_10.5\TOOLS\LAYOUT\library\DSUBT.llb
Fri Mar 20 10:38:48 Loaded file C:\ORCAD\ORCAD_10.5\TOOLS\LAYOUT\library\DSUBT_HD.LLB
Fri Mar 20 10:38:48 Loaded file C:\ORCAD\ORCAD_10.5\TOOLS\LAYOUT\library\ECON100T.llb
Fri Mar 20 10:38:48 Loaded file C:\ORCAD\ORCAD_10.5\TOOLS\LAYOUT\library\FBUS.llb
Fri Mar 20 10:38:48 Loaded file C:\ORCAD\ORCAD_10.5\TOOLS\LAYOUT\library\ISA.llb
Fri Mar 20 10:38:48 Loaded file C:\ORCAD\ORCAD_10.5\TOOLS\LAYOUT\library\JUMPER.LLB
Fri Mar 20 10:38:48 Loaded file C:\ORCAD\ORCAD_10.5\TOOLS\LAYOUT\library\LAYOUT.llb
Fri Mar 20 10:38:48 Loaded file C:\ORCAD\ORCAD_10.5\TOOLS\LAYOUT\library\LCON100T.llb
Fri Mar 20 10:38:48 Loaded file C:\ORCAD\ORCAD_10.5\TOOLS\LAYOUT\library\PC104.llb
Fri Mar 20 10:38:48 Loaded file C:\ORCAD\ORCAD_10.5\TOOLS\LAYOUT\library\PCI.llb
Fri Mar 20 10:38:48 Loaded file C:\ORCAD\ORCAD_10.5\TOOLS\LAYOUT\library\PCON100T.llb
Fri Mar 20 10:38:48 Loaded file C:\ORCAD\ORCAD_10.5\TOOLS\LAYOUT\library\PCON156T.llb
Fri Mar 20 10:38:48 Loaded file C:\ORCAD\ORCAD_10.5\TOOLS\LAYOUT\library\PGA.llb
Fri Mar 20 10:38:48 Loaded file C:\ORCAD\ORCAD_10.5\TOOLS\LAYOUT\library\PLCC.llb
Fri Mar 20 10:38:48 Loaded file C:\ORCAD\ORCAD_10.5\TOOLS\LAYOUT\library\QUAD.llb
Fri Mar 20 10:38:48 Loaded file C:\ORCAD\ORCAD_10.5\TOOLS\LAYOUT\library\QUADB.llb
Fri Mar 20 10:38:48 Loaded file C:\ORCAD\ORCAD_10.5\TOOLS\LAYOUT\library\RELAY.llb
Fri Mar 20 10:38:48 Loaded file C:\ORCAD\ORCAD_10.5\TOOLS\LAYOUT\library\RF.llb
Fri Mar 20 10:38:48 Loaded file C:\ORCAD\ORCAD_10.5\TOOLS\LAYOUT\library\SBUS.llb
Fri Mar 20 10:38:48 Loaded file C:\ORCAD\ORCAD_10.5\TOOLS\LAYOUT\library\SIMM050F.llb
Fri Mar 20 10:38:48 Loaded file C:\ORCAD\ORCAD_10.5\TOOLS\LAYOUT\library\SIMM050T.llb
Fri Mar 20 10:38:48 Loaded file C:\ORCAD\ORCAD_10.5\TOOLS\LAYOUT\library\SIMM100F.llb
Fri Mar 20 10:38:48 Loaded file C:\ORCAD\ORCAD_10.5\TOOLS\LAYOUT\library\SIMM100T.llb
Fri Mar 20 10:38:48 Loaded file C:\ORCAD\ORCAD_10.5\TOOLS\LAYOUT\library\SIP.llb
Fri Mar 20 10:38:48 Loaded file C:\ORCAD\ORCAD_10.5\TOOLS\LAYOUT\library\SM.llb
Fri Mar 20 10:38:48 Loaded file C:\ORCAD\ORCAD_10.5\TOOLS\LAYOUT\library\SOG.llb
Fri Mar 20 10:38:48 Loaded file C:\ORCAD\ORCAD_10.5\TOOLS\LAYOUT\library\SOJ.llb
Fri Mar 20 10:38:48 Loaded file C:\ORCAD\ORCAD_10.5\TOOLS\LAYOUT\library\STIFF.llb
Fri Mar 20 10:38:48 Loaded file C:\ORCAD\ORCAD_10.5\TOOLS\LAYOUT\library\TELE.llb
Fri Mar 20 10:38:48 Loaded file C:\ORCAD\ORCAD_10.5\TOOLS\LAYOUT\library\TM_AXIAL.llb
Fri Mar 20 10:38:48 Loaded file C:\ORCAD\ORCAD_10.5\TOOLS\LAYOUT\library\TM_CAP_P.llb
Fri Mar 20 10:38:48 Loaded file C:\ORCAD\ORCAD_10.5\TOOLS\LAYOUT\library\TM_CYLND.llb
Fri Mar 20 10:38:48 Loaded file C:\ORCAD\ORCAD_10.5\TOOLS\LAYOUT\library\TM_DIODE.llb
Fri Mar 20 10:38:48 Loaded file C:\ORCAD\ORCAD_10.5\TOOLS\LAYOUT\library\TM_DISC.llb
Fri Mar 20 10:38:48 Loaded file C:\ORCAD\ORCAD_10.5\TOOLS\LAYOUT\library\TM_RAD.llb
Fri Mar 20 10:38:48 Loaded file C:\ORCAD\ORCAD_10.5\TOOLS\LAYOUT\library\TO.llb
Fri Mar 20 10:38:48 Loaded file C:\ORCAD\ORCAD_10.5\TOOLS\LAYOUT\library\TRAINING.LLB
Fri Mar 20 10:38:48 Loaded file C:\ORCAD\ORCAD_10.5\TOOLS\LAYOUT\library\VRES.llb
Fri Mar 20 10:38:48 Loaded file C:\ORCAD\ORCAD_10.5\TOOLS\LAYOUT\library\WCON100T.llb
Fri Mar 20 10:38:48 Loaded file C:\ORCAD\ORCAD_10.5\TOOLS\LAYOUT\library\XT.llb
Fri Mar 20 10:38:48 Loaded file C:\ORCAD\ORCAD_10.5\TOOLS\LAYOUT\library\ZIGZAG.llb
Fri Mar 20 10:39:05 Loaded file C:\ORCAD\ORCAD_10.5\TOOLS\LAYOUT\data\template.imp
Fri Mar 20 10:39:07 Saved as file ~undo.max
Fri Mar 20 10:39:53 Loaded file C:\ORCAD\ORCAD_10.5\TOOLS\LAYOUT\data\DEFAULT.MAX
