(------------------------------------------------------------)
(                                                            )
(        Batch DRC Update                                    )
(                                                            )
(        Drawing          : new switches.brd                 )
(        Software Version : 15.5b006                         )
(        Date/Time        : Thu Mar 19 17:12:42 2015         )
(                                                            )
(------------------------------------------------------------)


 ..... batch DRC requested for all elements 

 ========= check shapes                       Thu Mar 19 17:12:42 2015
 ========= check standalone pins              Thu Mar 19 17:12:42 2015
 ========= check symbols (pins,lines,text)    Thu Mar 19 17:12:42 2015
 ========= check nets                         Thu Mar 19 17:12:42 2015
 ========= check standalone branches          Thu Mar 19 17:12:42 2015
 ========= check standalone filled rectangles Thu Mar 19 17:12:42 2015
 ========= check standalone lines             Thu Mar 19 17:12:42 2015
 ========= check standalone text              Thu Mar 19 17:12:42 2015
 ========= check standalone rectangles        Thu Mar 19 17:12:42 2015

 ..... Total number of DRC errors  0

 ..... end batch DRC at                       Thu Mar 19 17:12:42 2015
 *************************************************************************

