AutoECO Report
FILE-A: D:\DOCUMENTS\CIRCUIT LAYOUTS, SCHEMATICS AND MISC TECHNICAL\SWTICH NETWORK\FINAL\SWITCH NETWORK.MAX
FILE-B: D:\DOCUMENTS\CIRCUIT LAYOUTS, SCHEMATICS AND MISC TECHNICAL\SWTICH NETWORK\NEW DESIGN MARCH 2015\SWITCH NETWORK.MNL
If "*EOF*" immediately follows, no changes were made
Adding component ARDUINO_IN
Adding component U8A1
Adding component J1
Adding component U4A
Adding component DAISY_OUT
Adding component U2A
Adding component J4
Adding component U3A
Adding component U1A
Adding component R10
Adding component U7A
Adding component U8A
Adding component U6A
Adding component U1A1
Adding component R9
Adding component U5A
Net N113304 renamed to N00947
Net N12061 renamed to N00927
Net N14246 renamed to N00967
Net N12714 renamed to N00937
Net N11743 renamed to N00917
Net N13448 renamed to N00957
Net N15076 renamed to N06058
Net N116523 renamed to N09690
Adding net DOUT+
Adding net DOUT-
Adding net N06110
Adding net N06116
Adding net N06104
Adding net N09742
Adding net N09736
Adding net N09748
Deleting +3.19 from net IN+
Deleting +4.19 from net IN+
Deleting +5.15 from net IN+
Deleting +2.6 from net IN+
Deleting +2.19 from net IN+
Deleting +1.6 from net IN+
Deleting +2.13 from net IN+
Deleting +1.10 from net IN+
Deleting +2.10 from net IN+
Deleting +1.19 from net IN+
Deleting +3.17 from net IN+
Deleting +4.17 from net IN+
Deleting +3.15 from net IN+
Deleting +5.6 from net IN+
Deleting +3.6 from net IN+
Deleting +3.10 from net IN+
Deleting +4.6 from net IN+
Deleting +4.12 from net IN+
Deleting +4.13 from net IN+
Deleting +2.8 from net IN+
Deleting +1.8 from net IN+
Deleting +2.12 from net IN+
Deleting +1.13 from net IN+
Deleting +3.12 from net IN+
Deleting +5.12 from net IN+
Deleting +4.8 from net IN+
Deleting +4.10 from net IN+
Deleting +3.13 from net IN+
Deleting +5.17 from net IN+
Deleting +5.13 from net IN+
Deleting +5.19 from net IN+
Deleting +3.8 from net IN+
Deleting +2.17 from net IN+
Deleting +2.15 from net IN+
Deleting +1.15 from net IN+
Deleting +1.17 from net IN+
Deleting +1.12 from net IN+
Deleting +5.10 from net IN+
Deleting +5.8 from net IN+
Deleting +4.15 from net IN+
Adding U7A.8 to net IN+
Adding U7A.6 to net IN+
Adding U7A.10 to net IN+
Adding U7A.12 to net IN+
Adding U7A.17 to net IN+
Adding U7A.15 to net IN+
Adding U7A.19 to net IN+
Adding U7A.13 to net IN+
Adding U4A.8 to net IN+
Adding U4A.6 to net IN+
Adding U4A.10 to net IN+
Adding U4A.13 to net IN+
Adding U4A.12 to net IN+
Adding U4A.15 to net IN+
Adding U4A.17 to net IN+
Adding U4A.19 to net IN+
Adding U1A1.8 to net IN+
Adding U1A1.6 to net IN+
Adding U1A1.10 to net IN+
Adding U1A1.13 to net IN+
Adding U1A1.12 to net IN+
Adding U1A1.15 to net IN+
Adding U1A1.19 to net IN+
Adding U1A1.17 to net IN+
Adding U2A.8 to net IN+
Adding U2A.6 to net IN+
Adding U2A.10 to net IN+
Adding U2A.12 to net IN+
Adding U2A.13 to net IN+
Adding U2A.15 to net IN+
Adding U2A.17 to net IN+
Adding U2A.19 to net IN+
Adding U1A.8 to net IN+
Adding U1A.6 to net IN+
Adding U1A.10 to net IN+
Adding U1A.12 to net IN+
Adding U1A.13 to net IN+
Adding U1A.17 to net IN+
Adding U1A.15 to net IN+
Adding U1A.19 to net IN+
Deleting -1.12 from net IN-
Deleting -1.8 from net IN-
Deleting -3.8 from net IN-
Deleting -3.19 from net IN-
Deleting -3.6 from net IN-
Deleting -4.10 from net IN-
Deleting -3.10 from net IN-
Deleting -4.13 from net IN-
Deleting -3.13 from net IN-
Deleting -1.10 from net IN-
Deleting -2.12 from net IN-
Deleting -2.13 from net IN-
Deleting -1.13 from net IN-
Deleting -1.17 from net IN-
Deleting -1.15 from net IN-
Deleting -2.15 from net IN-
Deleting -4.15 from net IN-
Deleting -3.12 from net IN-
Deleting -4.12 from net IN-
Deleting -4.8 from net IN-
Deleting -4.17 from net IN-
Deleting -4.19 from net IN-
Deleting -4.6 from net IN-
Deleting -2.19 from net IN-
Deleting -2.6 from net IN-
Deleting -2.8 from net IN-
Deleting -5.6 from net IN-
Deleting -5.13 from net IN-
Deleting -5.8 from net IN-
Deleting -5.19 from net IN-
Deleting -5.15 from net IN-
Deleting -5.17 from net IN-
Deleting -5.10 from net IN-
Deleting -5.12 from net IN-
Deleting -1.19 from net IN-
Deleting -1.6 from net IN-
Deleting -2.10 from net IN-
Deleting -2.17 from net IN-
Deleting -3.17 from net IN-
Deleting -3.15 from net IN-
Adding U6A.8 to net IN-
Adding U6A.6 to net IN-
Adding U6A.10 to net IN-
Adding U6A.12 to net IN-
Adding U6A.13 to net IN-
Adding U6A.15 to net IN-
Adding U6A.17 to net IN-
Adding U6A.19 to net IN-
Adding U5A.8 to net IN-
Adding U5A.6 to net IN-
Adding U5A.10 to net IN-
Adding U5A.12 to net IN-
Adding U5A.15 to net IN-
Adding U5A.13 to net IN-
Adding U5A.17 to net IN-
Adding U5A.19 to net IN-
Adding U8A.8 to net IN-
Adding U8A.6 to net IN-
Adding U8A.10 to net IN-
Adding U8A.12 to net IN-
Adding U8A.13 to net IN-
Adding U8A.15 to net IN-
Adding U8A.17 to net IN-
Adding U8A.19 to net IN-
Adding U3A.8 to net IN-
Adding U3A.6 to net IN-
Adding U3A.10 to net IN-
Adding U3A.12 to net IN-
Adding U3A.13 to net IN-
Adding U3A.15 to net IN-
Adding U3A.19 to net IN-
Adding U3A.17 to net IN-
Adding U8A1.15 to net IN-
Adding U8A1.13 to net IN-
Adding U8A1.17 to net IN-
Adding U8A1.8 to net IN-
Adding U8A1.6 to net IN-
Adding U8A1.10 to net IN-
Adding U8A1.12 to net IN-
Adding U8A1.19 to net IN-
Deleting +2.3 from net N00917
Deleting +1.22 from net N00917
Adding U7A.3 to net N00917
Adding U4A.22 to net N00917
Deleting +3.3 from net N00927
Deleting +2.22 from net N00927
Adding U7A.22 to net N00927
Adding U2A.3 to net N00927
Deleting +3.22 from net N00937
Deleting +4.3 from net N00937
Adding U1A.3 to net N00937
Adding U2A.22 to net N00937
Deleting -1.22 from net N00957
Deleting -2.3 from net N00957
Adding U5A.22 to net N00957
Adding U6A.3 to net N00957
Deleting -2.22 from net N00967
Deleting -3.3 from net N00967
Adding U8A.3 to net N00967
Adding U6A.22 to net N00967
Deleting -3.22 from net N06058
Deleting -4.3 from net N06058
Adding U1A1.3 to net N06058
Adding U1A.22 to net N06058
Deleting +4.22 from net N00947
Deleting +5.3 from net N00947
Adding U3A.22 to net N00947
Adding U5A.3 to net N00947
Deleting -5.3 from net N09690
Deleting -4.22 from net N09690
Adding U8A1.3 to net N09690
Adding U8A.22 to net N09690
Deleting +2.2 from net VDD
Deleting -2.2 from net VDD
Deleting ARDUINO_ANA.3 from net VDD
Deleting -1.2 from net VDD
Deleting +4.2 from net VDD
Deleting -3.2 from net VDD
Deleting -5.2 from net VDD
Deleting +5.2 from net VDD
Deleting -4.2 from net VDD
Deleting +3.2 from net VDD
Deleting +1.2 from net VDD
Adding U8A.2 to net VDD
Adding U1A.2 to net VDD
Adding R9.2 to net VDD
Adding U7A.2 to net VDD
Adding R10.2 to net VDD
Adding ARDUINO_IN.3 to net VDD
Adding U6A.2 to net VDD
Adding U5A.2 to net VDD
Adding U1A1.2 to net VDD
Adding U3A.2 to net VDD
Adding U4A.2 to net VDD
Adding U8A1.2 to net VDD
Adding U2A.2 to net VDD
Adding DAISY_OUT.3 to net VDD
Adding U5A.14 to net O13
Adding U7A.14 to net O13
Adding J1.13 to net O13
Adding J4.13 to net O13
Adding U1A1.11 to net O36
Adding U8A1.11 to net O36
Adding J1.36 to net O36
Adding J4.36 to net O36
Adding J1.5 to net O5
Adding U3A.14 to net O5
Adding U4A.14 to net O5
Adding J4.5 to net O5
Adding U1A.11 to net O28
Adding U8A.11 to net O28
Adding J1.28 to net O28
Adding J4.28 to net O28
Adding U3A.9 to net O3
Adding J1.3 to net O3
Adding U4A.9 to net O3
Adding J4.3 to net O3
Adding U7A.11 to net O12
Adding U5A.11 to net O12
Adding J4.12 to net O12
Adding J1.12 to net O12
Adding U7A.7 to net O10
Adding U5A.7 to net O10
Adding J1.10 to net O10
Adding J4.10 to net O10
Adding U3A.21 to net GND
Adding ARDUINO_IN.2 to net GND
Adding U8A.4 to net GND
Adding U1A.4 to net GND
Adding U1A.21 to net GND
Adding U5A.21 to net GND
Adding U6A.21 to net GND
Adding U2A.21 to net GND
Adding U2A.4 to net GND
Adding U8A.21 to net GND
Adding U4A.4 to net GND
Adding U1A1.21 to net GND
Adding U3A.4 to net GND
Adding U8A1.21 to net GND
Adding U8A1.4 to net GND
Adding U4A.21 to net GND
Adding U7A.4 to net GND
Adding U5A.4 to net GND
Adding U7A.21 to net GND
Adding U1A1.4 to net GND
Adding DAISY_OUT.2 to net GND
Adding U6A.4 to net GND
Adding J1.27 to net O27
Adding U1A.9 to net O27
Adding U8A.9 to net O27
Adding J4.27 to net O27
Adding U1A.14 to net O29
Adding J4.29 to net O29
Adding U8A.14 to net O29
Adding J1.29 to net O29
Adding U5A.23 to net RESET*
Adding U7A.23 to net RESET*
Adding U8A1.23 to net RESET*
Adding U4A.23 to net RESET*
Adding U8A.23 to net RESET*
Adding U6A.23 to net RESET*
Adding U2A.23 to net RESET*
Adding U3A.23 to net RESET*
Adding ARDUINO_IN.4 to net RESET*
Adding U1A1.23 to net RESET*
Adding U1A.23 to net RESET*
Adding DAISY_OUT.4 to net RESET*
Adding J4.18 to net O18
Adding J1.18 to net O18
Adding U6A.7 to net O18
Adding U2A.7 to net O18
Adding U3A.5 to net O1
Adding J4.1 to net O1
Adding U4A.5 to net O1
Adding J1.1 to net O1
Adding U4A.24 to net SYNC*
Adding ARDUINO_IN.5 to net SYNC*
Adding U1A.24 to net SYNC*
Adding U6A.24 to net SYNC*
Adding DAISY_OUT.5 to net SYNC*
Adding U3A.24 to net SYNC*
Adding U1A1.24 to net SYNC*
Adding U8A.24 to net SYNC*
Adding U7A.24 to net SYNC*
Adding U2A.24 to net SYNC*
Adding U8A1.24 to net SYNC*
Adding U5A.24 to net SYNC*
Adding J1.31 to net O31
Adding U1A.18 to net O31
Adding U8A.18 to net O31
Adding J4.31 to net O31
Adding ARDUINO_IN.7 to net DIN-
Adding U3A.3 to net DIN-
Adding U2A.5 to net O17
Adding J4.17 to net O17
Adding U6A.5 to net O17
Adding J1.17 to net O17
Adding U2A.14 to net O21
Adding U6A.14 to net O21
Adding J1.21 to net O21
Adding J4.21 to net O21
Adding J4.25 to net O25
Adding U1A.5 to net O25
Adding J1.25 to net O25
Adding U8A.5 to net O25
Adding J1.30 to net O30
Adding U1A.16 to net O30
Adding U8A.16 to net O30
Adding J4.30 to net O30
Adding J1.16 to net O16
Adding U5A.20 to net O16
Adding J4.16 to net O16
Adding U7A.20 to net O16
Adding U8A1.14 to net O37
Adding J1.37 to net O37
Adding U1A1.14 to net O37
Adding J4.37 to net O37
Adding U8A1.9 to net O35
Adding J1.35 to net O35
Adding J4.35 to net O35
Adding U1A1.9 to net O35
Adding J4.11 to net O11
Adding U7A.9 to net O11
Adding U5A.9 to net O11
Adding J1.11 to net O11
Adding U6A.20 to net O24
Adding J1.24 to net O24
Adding U2A.20 to net O24
Adding J4.24 to net O24
Adding J1.6 to net O6
Adding U3A.16 to net O6
Adding U4A.16 to net O6
Adding J4.6 to net O6
Adding U1A1.7 to net O34
Adding U8A1.7 to net O34
Adding J1.34 to net O34
Adding J4.34 to net O34
Adding J4.33 to net O33
Adding J1.33 to net O33
Adding U1A1.5 to net O33
Adding U8A1.5 to net O33
Adding J4.15 to net O15
Adding J1.15 to net O15
Adding U5A.18 to net O15
Adding U7A.18 to net O15
Adding J1.23 to net O23
Adding U2A.18 to net O23
Adding U6A.18 to net O23
Adding J4.23 to net O23
Adding U4A.1 to net SCLK
Adding DAISY_OUT.6 to net SCLK
Adding U8A1.1 to net SCLK
Adding U2A.1 to net SCLK
Adding U1A1.1 to net SCLK
Adding U3A.1 to net SCLK
Adding U6A.1 to net SCLK
Adding U7A.1 to net SCLK
Adding U5A.1 to net SCLK
Adding U8A.1 to net SCLK
Adding U1A.1 to net SCLK
Adding ARDUINO_IN.6 to net SCLK
Adding J4.32 to net O32
Adding U8A.20 to net O32
Adding J1.32 to net O32
Adding U1A.20 to net O32
Adding J1.20 to net O20
Adding U6A.11 to net O20
Adding U2A.11 to net O20
Adding J4.20 to net O20
Adding U6A.16 to net O22
Adding J1.22 to net O22
Adding U2A.16 to net O22
Adding J4.22 to net O22
Adding U4A.3 to net DIN+
Adding ARDUINO_IN.8 to net DIN+
Adding J4.9 to net O9
Adding J1.9 to net O9
Adding U5A.5 to net O9
Adding U7A.5 to net O9
Adding U4A.7 to net O2
Adding J1.2 to net O2
Adding U3A.7 to net O2
Adding J4.2 to net O2
Adding J4.8 to net O8
Adding J1.8 to net O8
Adding U3A.20 to net O8
Adding U4A.20 to net O8
Adding U8A.7 to net O26
Adding J1.26 to net O26
Adding J4.26 to net O26
Adding U1A.7 to net O26
Adding J4.7 to net O7
Adding J1.7 to net O7
Adding U3A.18 to net O7
Adding U4A.18 to net O7
Adding U2A.9 to net O19
Adding J4.19 to net O19
Adding U6A.9 to net O19
Adding J1.19 to net O19
Adding U5A.16 to net O14
Adding J4.14 to net O14
Adding J1.14 to net O14
Adding U7A.16 to net O14
Adding J4.4 to net O4
Adding J1.4 to net O4
Adding U3A.11 to net O4
Adding U4A.11 to net O4
Adding DAISY_OUT.8 to net DOUT+
Adding U1A1.22 to net DOUT+
Adding R9.1 to net DOUT+
Adding U8A1.22 to net DOUT-
Adding R10.1 to net DOUT-
Adding DAISY_OUT.7 to net DOUT-
Adding U1A1.18 to net N06110
Adding U1A1.20 to net N06116
Adding U1A1.16 to net N06104
Adding U8A1.18 to net N09742
Adding U8A1.16 to net N09736
Adding U8A1.20 to net N09748
Deleting component JOUT
Deleting component ARDUINO_DIG
Deleting component ARDUINO_ANA
Deleting component -5
Deleting component -4
Deleting component -3
Deleting component -2
Deleting component -1
Deleting component +5
Deleting component +4
Deleting component +3
Deleting component +2
Deleting component +1
Deleting net VSS
Deleting net N116353
Deleting net N116349
Deleting net N116345
Deleting net N110391
Deleting net N110385
Deleting net N110379
Deleting net N53093
*EOF*
No errors found
